<?xml version="1.0" encoding="UTF-8"?>
<!-- Generated by org.testng.reporters.JUnitReportReporter -->
<testsuite hostname="LAPTOP-VOQUA57D" failures="0" tests="6" name="api.test.DataDrivenTests" time="10.010" errors="0" timestamp="2024-06-02T17:02:54 IST" skipped="0">
  <testcase classname="api.test.DataDrivenTests" name="testPostUser" time="2.662"/>
  <system-out/>
  <testcase classname="api.test.DataDrivenTests" name="testPostUser" time="1.596"/>
  <system-out/>
  <testcase classname="api.test.DataDrivenTests" name="testPostUser" time="1.491"/>
  <system-out/>
  <testcase classname="api.test.DataDrivenTests" name="testDeleteUserByName" time="1.438"/>
  <system-out/>
  <testcase classname="api.test.DataDrivenTests" name="testDeleteUserByName" time="1.440"/>
  <system-out/>
  <testcase classname="api.test.DataDrivenTests" name="testDeleteUserByName" time="1.383"/>
  <system-out/>
</testsuite> <!-- api.test.DataDrivenTests -->
