<?xml version="1.0" encoding="UTF-8"?>
<!-- Generated by org.testng.reporters.JUnitReportReporter -->
<testsuite hostname="LAPTOP-VOQUA57D" failures="0" tests="4" name="api.test.UserTests" time="7.887" errors="0" timestamp="2024-06-01T23:47:35 IST" skipped="0">
  <testcase classname="api.test.UserTests" name="testPostUser" time="1.578"/>
  <system-out/>
  <testcase classname="api.test.UserTests" name="testGetUserByName" time="1.675"/>
  <system-out/>
  <testcase classname="api.test.UserTests" name="testUpdateUserByName" time="3.195"/>
  <system-out/>
  <testcase classname="api.test.UserTests" name="testDeleteUserByName" time="1.439"/>
  <system-out/>
</testsuite> <!-- api.test.UserTests -->
