<?xml version="1.0" encoding="UTF-8"?>
<!-- Generated by org.testng.reporters.JUnitReportReporter -->
<testsuite hostname="LAPTOP-VOQUA57D" failures="0" tests="4" name="api.test.UserTests2" time="7.819" errors="0" timestamp="2024-06-02T17:02:54 IST" skipped="0">
  <testcase classname="api.test.UserTests2" name="testPostUser" time="1.580"/>
  <system-out/>
  <testcase classname="api.test.UserTests2" name="testGetUserByName" time="1.586"/>
  <system-out/>
  <testcase classname="api.test.UserTests2" name="testUpdateUserByName" time="2.969"/>
  <system-out/>
  <testcase classname="api.test.UserTests2" name="testDeleteUserByName" time="1.684"/>
  <system-out/>
</testsuite> <!-- api.test.UserTests2 -->
