<?xml version="1.0" encoding="UTF-8"?>
<!-- Generated by org.testng.reporters.JUnitReportReporter -->
<testsuite hostname="LAPTOP-VOQUA57D" failures="0" tests="4" name="api.test.UserTests2" time="7.491" errors="0" timestamp="2024-06-02T19:41:13 IST" skipped="0">
  <testcase classname="api.test.UserTests2" name="testPostUser" time="1.440"/>
  <testcase classname="api.test.UserTests2" name="testGetUserByName" time="1.344"/>
  <testcase classname="api.test.UserTests2" name="testUpdateUserByName" time="3.100"/>
  <testcase classname="api.test.UserTests2" name="testDeleteUserByName" time="1.607"/>
</testsuite> <!-- api.test.UserTests2 -->
