<?xml version="1.0" encoding="UTF-8"?>
<!-- Generated by org.testng.reporters.JUnitReportReporter -->
<testsuite hostname="LAPTOP-VOQUA57D" failures="0" tests="6" name="api.test.DataDrivenTests" time="10.302" errors="0" timestamp="2024-06-02T19:41:13 IST" skipped="0">
  <testcase classname="api.test.DataDrivenTests" name="testPostUser" time="1.597"/>
  <testcase classname="api.test.DataDrivenTests" name="testPostUser" time="1.671"/>
  <testcase classname="api.test.DataDrivenTests" name="testPostUser" time="2.620"/>
  <testcase classname="api.test.DataDrivenTests" name="testDeleteUserByName" time="1.598"/>
  <testcase classname="api.test.DataDrivenTests" name="testDeleteUserByName" time="1.216"/>
  <testcase classname="api.test.DataDrivenTests" name="testDeleteUserByName" time="1.600"/>
</testsuite> <!-- api.test.DataDrivenTests -->
