<?xml version="1.0" encoding="UTF-8"?>
<!-- Generated by org.testng.reporters.JUnitReportReporter -->
<testsuite hostname="LAPTOP-VOQUA57D" failures="0" tests="4" name="api.test.UserTests1" time="7.869" errors="0" timestamp="2024-06-02T19:41:13 IST" skipped="0">
  <testcase classname="api.test.UserTests1" name="testPostUser" time="1.644"/>
  <testcase classname="api.test.UserTests1" name="testGetUserByName" time="1.593"/>
  <testcase classname="api.test.UserTests1" name="testUpdateUserByName" time="3.000"/>
  <testcase classname="api.test.UserTests1" name="testDeleteUserByName" time="1.632"/>
</testsuite> <!-- api.test.UserTests1 -->
